epoch 50
lr 0.005
batch 2048
num_layers 4
hidden_size 32
optimizer SGD
dropout 0.0
batchnorm 1
epoch1 : Train Loss: 38.0653  Valid Loss 0.3605
epoch2 : Train Loss: 3.4526  Valid Loss 0.3411
epoch3 : Train Loss: 3.2314  Valid Loss 0.3243
epoch4 : Train Loss: 2.9895  Valid Loss 0.2898
epoch5 : Train Loss: 2.7470  Valid Loss 0.2695
epoch6 : Train Loss: 2.6154  Valid Loss 0.2600
epoch7 : Train Loss: 2.5303  Valid Loss 0.2580
epoch8 : Train Loss: 2.5361  Valid Loss 0.2492
epoch9 : Train Loss: 2.4574  Valid Loss 0.2459
epoch10 : Train Loss: 2.4250  Valid Loss 0.2453
epoch11 : Train Loss: 2.4387  Valid Loss 0.2420
epoch12 : Train Loss: 2.4074  Valid Loss 0.2573
epoch13 : Train Loss: 2.4249  Valid Loss 0.2449
epoch14 : Train Loss: 2.4142  Valid Loss 0.2403
epoch15 : Train Loss: 2.3813  Valid Loss 0.2392
epoch16 : Train Loss: 2.4123  Valid Loss 0.2471
epoch17 : Train Loss: 2.4019  Valid Loss 0.2429
epoch18 : Train Loss: 2.3694  Valid Loss 0.2402
test loss : 0.2388443741443995