epoch 50
lr 0.005
batch 2048
num_layers 4
hidden_size 256
optimizer SGD
dropout 0.0
batchnorm 1
epoch1 : Train Loss: 83.4841  Valid Loss 0.3697
epoch2 : Train Loss: 3.5196  Valid Loss 0.3561
epoch3 : Train Loss: 3.4030  Valid Loss 0.3358
epoch4 : Train Loss: 3.2638  Valid Loss 0.3228
epoch5 : Train Loss: 3.0759  Valid Loss 0.3141
epoch6 : Train Loss: 2.9105  Valid Loss 0.2856
epoch7 : Train Loss: 2.7710  Valid Loss 0.2717
epoch8 : Train Loss: 2.6717  Valid Loss 0.2642
epoch9 : Train Loss: 2.5770  Valid Loss 0.2555
epoch10 : Train Loss: 2.5136  Valid Loss 0.2480
epoch11 : Train Loss: 2.4810  Valid Loss 0.2534
epoch12 : Train Loss: 2.4362  Valid Loss 0.2466
epoch13 : Train Loss: 2.4184  Valid Loss 0.2438
epoch14 : Train Loss: 2.4104  Valid Loss 0.2432
epoch15 : Train Loss: 2.4055  Valid Loss 0.2399
epoch16 : Train Loss: 2.3641  Valid Loss 0.2423
epoch17 : Train Loss: 2.3699  Valid Loss 0.2404
epoch18 : Train Loss: 2.3650  Valid Loss 0.2434
test loss : 0.23994451519605275